2017-02-20T14:41:44-0600 [-] Loading echo_server.tac...
2017-02-20T14:41:44-0600 [-] Loaded.
2017-02-20T14:41:44-0600 [twisted.scripts._twistd_unix.UnixAppLogger#info] twistd 16.4.1 (/System/Library/Frameworks/Python.framework/Versions/2.7/Resources/Python.app/Contents/MacOS/Python 2.7.10) starting up.
2017-02-20T14:41:44-0600 [twisted.scripts._twistd_unix.UnixAppLogger#info] reactor class: twisted.internet.selectreactor.SelectReactor.
2017-02-20T14:41:44-0600 [-] EchoFactory starting on 8000
2017-02-20T14:41:44-0600 [echo.EchoFactory#info] Starting factory <echo.EchoFactory instance at 0x1108ad5f0>
2017-02-20T14:47:50-0600 [-] Received SIGINT, shutting down.
2017-02-20T14:47:50-0600 [-] (TCP Port 8000 Closed)
2017-02-20T14:47:50-0600 [echo.EchoFactory#info] Stopping factory <echo.EchoFactory instance at 0x1108ad5f0>
2017-02-20T14:47:50-0600 [-] Main loop terminated.
2017-02-20T14:47:50-0600 [twisted.scripts._twistd_unix.UnixAppLogger#info] Server Shut Down.
2017-02-20T14:55:56-0600 [-] Loading echo_server.tac...
2017-02-20T14:55:56-0600 [-] Loaded.
2017-02-20T14:55:56-0600 [twisted.scripts._twistd_unix.UnixAppLogger#info] twistd 16.4.1 (/System/Library/Frameworks/Python.framework/Versions/2.7/Resources/Python.app/Contents/MacOS/Python 2.7.10) starting up.
2017-02-20T14:55:56-0600 [twisted.scripts._twistd_unix.UnixAppLogger#info] reactor class: twisted.internet.selectreactor.SelectReactor.
2017-02-20T14:55:56-0600 [-] EchoFactory starting on 8000
2017-02-20T14:55:56-0600 [sample_twisted_project.echo.EchoFactory#info] Starting factory <sample_twisted_project.echo.EchoFactory instance at 0x102f75680>
2017-02-20T14:56:25-0600 [-] Received SIGINT, shutting down.
2017-02-20T14:56:25-0600 [-] (TCP Port 8000 Closed)
2017-02-20T14:56:25-0600 [sample_twisted_project.echo.EchoFactory#info] Stopping factory <sample_twisted_project.echo.EchoFactory instance at 0x102f75680>
2017-02-20T14:56:25-0600 [-] Main loop terminated.
2017-02-20T14:56:25-0600 [twisted.scripts._twistd_unix.UnixAppLogger#info] Server Shut Down.
2017-02-21T11:44:07-0600 [-] Unable to write to plugin cache /Library/Python/2.7/site-packages/twisted/plugins/dropin.cache: error number 13
2017-02-21T11:44:07-0600 [twisted.scripts._twistd_unix.UnixAppLogger#info] twistd 16.4.1 (/System/Library/Frameworks/Python.framework/Versions/2.7/Resources/Python.app/Contents/MacOS/Python 2.7.10) starting up.
2017-02-21T11:44:07-0600 [twisted.scripts._twistd_unix.UnixAppLogger#info] reactor class: twisted.internet.selectreactor.SelectReactor.
2017-02-21T11:44:07-0600 [-] EchoServerFactory starting on 8000
2017-02-21T11:44:07-0600 [sample_twisted_project.echo_module.EchoServerFactory#info] Starting factory <sample_twisted_project.echo_module.EchoServerFactory instance at 0x108a0b3f8>
2017-02-21T11:53:14-0600 [-] Received SIGINT, shutting down.
2017-02-21T11:53:14-0600 [-] (TCP Port 8000 Closed)
2017-02-21T11:53:14-0600 [sample_twisted_project.echo_module.EchoServerFactory#info] Stopping factory <sample_twisted_project.echo_module.EchoServerFactory instance at 0x108a0b3f8>
2017-02-21T11:53:14-0600 [-] Main loop terminated.
2017-02-21T11:53:14-0600 [twisted.scripts._twistd_unix.UnixAppLogger#info] Server Shut Down.
2017-02-21T11:59:33-0600 [-] Unable to write to plugin cache /Library/Python/2.7/site-packages/twisted/plugins/dropin.cache: error number 13
2017-02-21T11:59:33-0600 [twisted.scripts._twistd_unix.UnixAppLogger#info] twistd 16.4.1 (/System/Library/Frameworks/Python.framework/Versions/2.7/Resources/Python.app/Contents/MacOS/Python 2.7.10) starting up.
2017-02-21T11:59:33-0600 [twisted.scripts._twistd_unix.UnixAppLogger#info] reactor class: twisted.internet.selectreactor.SelectReactor.
2017-02-21T11:59:33-0600 [-] Site starting on 8000
2017-02-21T11:59:33-0600 [twisted.web.server.Site#info] Starting factory <twisted.web.server.Site instance at 0x10cb21290>
2017-02-21T11:59:51-0600 [twisted.python.log#info] "127.0.0.1" - - [21/Feb/2017:17:59:50 +0000] "GET / HTTP/1.1" 200 57 "-" "Mozilla/5.0 (Macintosh; Intel Mac OS X 10_12_3) AppleWebKit/537.36 (KHTML, like Gecko) Chrome/56.0.2924.87 Safari/537.36"
2017-02-21T11:59:52-0600 [twisted.python.log#info] "127.0.0.1" - - [21/Feb/2017:17:59:51 +0000] "GET /favicon.ico HTTP/1.1" 404 167 "http://localhost:8000/" "Mozilla/5.0 (Macintosh; Intel Mac OS X 10_12_3) AppleWebKit/537.36 (KHTML, like Gecko) Chrome/56.0.2924.87 Safari/537.36"
2017-02-21T12:03:53-0600 [-] Received SIGINT, shutting down.
2017-02-21T12:03:53-0600 [-] (TCP Port 8000 Closed)
2017-02-21T12:03:53-0600 [twisted.web.server.Site#info] Stopping factory <twisted.web.server.Site instance at 0x10cb21290>
2017-02-21T12:03:53-0600 [-] Main loop terminated.
2017-02-21T12:03:53-0600 [twisted.scripts._twistd_unix.UnixAppLogger#info] Server Shut Down.
