2017-02-21T11:48:17-0600 [-] Unable to write to plugin cache /Library/Python/2.7/site-packages/twisted/plugins/dropin.cache: error number 13
2017-02-21T11:48:17-0600 [twisted.scripts._twistd_unix.UnixAppLogger#info] twistd 16.4.1 (/System/Library/Frameworks/Python.framework/Versions/2.7/Resources/Python.app/Contents/MacOS/Python 2.7.10) starting up.
2017-02-21T11:48:17-0600 [twisted.scripts._twistd_unix.UnixAppLogger#info] reactor class: twisted.internet.selectreactor.SelectReactor.
2017-02-21T11:48:17-0600 [stderr#error] Traceback (most recent call last):
2017-02-21T11:48:17-0600 [stderr#error]   File "/usr/local/bin/twistd", line 11, in <module>
2017-02-21T11:48:17-0600 [stderr#error]     sys.exit(run())
2017-02-21T11:48:17-0600 [stderr#error]   File "/Library/Python/2.7/site-packages/twisted/scripts/twistd.py", line 29, in run
2017-02-21T11:48:17-0600 [stderr#error]     app.run(runApp, ServerOptions)
2017-02-21T11:48:17-0600 [stderr#error]   File "/Library/Python/2.7/site-packages/twisted/application/app.py", line 648, in run
2017-02-21T11:48:17-0600 [stderr#error]     runApp(config)
2017-02-21T11:48:17-0600 [stderr#error]   File "/Library/Python/2.7/site-packages/twisted/scripts/twistd.py", line 25, in runApp
2017-02-21T11:48:17-0600 [stderr#error]     _SomeApplicationRunner(config).run()
2017-02-21T11:48:17-0600 [stderr#error]   File "/Library/Python/2.7/site-packages/twisted/application/app.py", line 383, in run
2017-02-21T11:48:17-0600 [stderr#error]     self.postApplication()
2017-02-21T11:48:17-0600 [stderr#error]   File "/Library/Python/2.7/site-packages/twisted/scripts/_twistd_unix.py", line 248, in postApplication
2017-02-21T11:48:17-0600 [stderr#error]     self.startApplication(self.application)
2017-02-21T11:48:17-0600 [stderr#error]   File "/Library/Python/2.7/site-packages/twisted/scripts/_twistd_unix.py", line 444, in startApplication
2017-02-21T11:48:17-0600 [stderr#error]     app.startApplication(application, not self.config['no_save'])
2017-02-21T11:48:17-0600 [stderr#error]   File "/Library/Python/2.7/site-packages/twisted/application/app.py", line 664, in startApplication
2017-02-21T11:48:17-0600 [stderr#error]     service.IService(application).startService()
2017-02-21T11:48:17-0600 [stderr#error]   File "/Library/Python/2.7/site-packages/twisted/application/service.py", line 283, in startService
2017-02-21T11:48:17-0600 [stderr#error]     service.startService()
2017-02-21T11:48:17-0600 [stderr#error]   File "/Library/Python/2.7/site-packages/twisted/application/internet.py", line 177, in startService
2017-02-21T11:48:17-0600 [stderr#error]     self._connection = self._getConnection()
2017-02-21T11:48:17-0600 [stderr#error]   File "/Library/Python/2.7/site-packages/twisted/application/internet.py", line 195, in _getConnection
2017-02-21T11:48:17-0600 [stderr#error]     'connect%s' % (self.method,))(*self.args, **self.kwargs)
2017-02-21T11:48:17-0600 [stderr#error] TypeError: connectTCP() takes at least 4 arguments (3 given)
2017-02-21T11:50:24-0600 [-] Unable to write to plugin cache /Library/Python/2.7/site-packages/twisted/plugins/dropin.cache: error number 13
2017-02-21T11:50:24-0600 [twisted.scripts._twistd_unix.UnixAppLogger#info] twistd 16.4.1 (/System/Library/Frameworks/Python.framework/Versions/2.7/Resources/Python.app/Contents/MacOS/Python 2.7.10) starting up.
2017-02-21T11:50:24-0600 [twisted.scripts._twistd_unix.UnixAppLogger#info] reactor class: twisted.internet.selectreactor.SelectReactor.
2017-02-21T11:50:24-0600 [sample_twisted_project.echo_module.EchoClientFactory#info] Starting factory <sample_twisted_project.echo_module.EchoClientFactory instance at 0x1021533f8>
2017-02-21T11:50:24-0600 [stdout#info] Server said: Hello, world!
2017-02-21T11:50:24-0600 [stdout#info] Connection lost.
2017-02-21T11:50:24-0600 [sample_twisted_project.echo_module.EchoClientFactory#info] Stopping factory <sample_twisted_project.echo_module.EchoClientFactory instance at 0x1021533f8>
2017-02-21T11:50:24-0600 [-] Main loop terminated.
2017-02-21T11:50:24-0600 [twisted.scripts._twistd_unix.UnixAppLogger#info] Server Shut Down.
